[framework][12:23:34,846-org.springframework.web.servlet.FrameworkServlet.initServletBean(FrameworkServlet.java:489)][INFO]:FrameworkServlet 'springmvc': initialization started 
[framework][12:23:34,881-org.springframework.context.support.AbstractApplicationContext.prepareRefresh(AbstractApplicationContext.java:510)][INFO]:Refreshing WebApplicationContext for namespace 'springmvc-servlet': startup date [Mon Dec 25 12:23:34 CST 2017]; root of context hierarchy 
[framework][12:23:34,930-org.springframework.beans.factory.xml.XmlBeanDefinitionReader.loadBeanDefinitions(XmlBeanDefinitionReader.java:317)][INFO]:Loading XML bean definitions from file [/Users/hurong/workspace/trip-server/com-trip-web/target/com.trip.web/WEB-INF/classes/applicationContext.xml] 
[framework][12:23:35,149-org.springframework.beans.factory.xml.XmlBeanDefinitionReader.loadBeanDefinitions(XmlBeanDefinitionReader.java:317)][INFO]:Loading XML bean definitions from file [/Users/hurong/workspace/trip-server/com-trip-web/target/com.trip.web/WEB-INF/classes/dispatcher-servlet.xml] 
[framework][12:23:35,611-org.springframework.jdbc.datasource.DriverManagerDataSource.setDriverClassName(DriverManagerDataSource.java:133)][INFO]:Loaded JDBC driver: com.mysql.jdbc.Driver 
[framework][12:23:35,650-org.springframework.jdbc.datasource.DriverManagerDataSource.setDriverClassName(DriverManagerDataSource.java:133)][INFO]:Loaded JDBC driver: com.mysql.jdbc.Driver 
[framework][12:23:36,314-org.springframework.web.servlet.handler.AbstractHandlerMethodMapping$MappingRegistry.register(AbstractHandlerMethodMapping.java:543)][INFO]:Mapped "{[/admin/login.json]}" onto public com.trip.common.APITripResult com.trip.controller.AdminController.login(java.lang.String,java.lang.String,javax.servlet.http.HttpServletRequest) 
[framework][12:23:36,316-org.springframework.web.servlet.handler.AbstractHandlerMethodMapping$MappingRegistry.register(AbstractHandlerMethodMapping.java:543)][INFO]:Mapped "{[/business/login.json]}" onto public com.trip.common.APITripResult com.trip.controller.BusinessController.login(java.lang.String,java.lang.String,javax.servlet.http.HttpServletRequest) 
[framework][12:23:36,316-org.springframework.web.servlet.handler.AbstractHandlerMethodMapping$MappingRegistry.register(AbstractHandlerMethodMapping.java:543)][INFO]:Mapped "{[/business/add.json]}" onto public com.trip.common.APITripResult com.trip.controller.BusinessController.addBusiness(com.trip.entity.Business) 
[framework][12:23:36,318-org.springframework.web.servlet.handler.AbstractHandlerMethodMapping$MappingRegistry.register(AbstractHandlerMethodMapping.java:543)][INFO]:Mapped "{[/user/login.json]}" onto public com.trip.common.APITripResult com.trip.controller.UserController.login(java.lang.String,java.lang.String,javax.servlet.http.HttpServletRequest) 
[framework][12:23:36,319-org.springframework.web.servlet.handler.AbstractHandlerMethodMapping$MappingRegistry.register(AbstractHandlerMethodMapping.java:543)][INFO]:Mapped "{[/user/queryAll.json]}" onto public com.trip.common.APITripResult com.trip.controller.UserController.queryAll() 
[framework][12:23:36,319-org.springframework.web.servlet.handler.AbstractHandlerMethodMapping$MappingRegistry.register(AbstractHandlerMethodMapping.java:543)][INFO]:Mapped "{[/user/addList.json]}" onto public com.trip.common.APITripResult com.trip.controller.UserController.addUserList(java.util.List<com.trip.entity.User>,javax.servlet.http.HttpServletRequest) 
[framework][12:23:36,762-org.springframework.web.servlet.mvc.method.annotation.RequestMappingHandlerAdapter.initControllerAdviceCache(RequestMappingHandlerAdapter.java:534)][INFO]:Looking for @ControllerAdvice: WebApplicationContext for namespace 'springmvc-servlet': startup date [Mon Dec 25 12:23:34 CST 2017]; root of context hierarchy 
[framework][12:23:36,846-org.springframework.web.servlet.mvc.method.annotation.RequestMappingHandlerAdapter.initControllerAdviceCache(RequestMappingHandlerAdapter.java:534)][INFO]:Looking for @ControllerAdvice: WebApplicationContext for namespace 'springmvc-servlet': startup date [Mon Dec 25 12:23:34 CST 2017]; root of context hierarchy 
[framework][12:23:36,942-org.springframework.web.servlet.handler.AbstractHandlerMethodMapping$MappingRegistry.register(AbstractHandlerMethodMapping.java:543)][INFO]:Mapped "{[/admin/login.json]}" onto public com.trip.common.APITripResult com.trip.controller.AdminController.login(java.lang.String,java.lang.String,javax.servlet.http.HttpServletRequest) 
[framework][12:23:36,944-org.springframework.web.servlet.handler.AbstractHandlerMethodMapping$MappingRegistry.register(AbstractHandlerMethodMapping.java:543)][INFO]:Mapped "{[/business/login.json]}" onto public com.trip.common.APITripResult com.trip.controller.BusinessController.login(java.lang.String,java.lang.String,javax.servlet.http.HttpServletRequest) 
[framework][12:23:36,945-org.springframework.web.servlet.handler.AbstractHandlerMethodMapping$MappingRegistry.register(AbstractHandlerMethodMapping.java:543)][INFO]:Mapped "{[/business/add.json]}" onto public com.trip.common.APITripResult com.trip.controller.BusinessController.addBusiness(com.trip.entity.Business) 
[framework][12:23:36,947-org.springframework.web.servlet.handler.AbstractHandlerMethodMapping$MappingRegistry.register(AbstractHandlerMethodMapping.java:543)][INFO]:Mapped "{[/user/login.json]}" onto public com.trip.common.APITripResult com.trip.controller.UserController.login(java.lang.String,java.lang.String,javax.servlet.http.HttpServletRequest) 
[framework][12:23:36,947-org.springframework.web.servlet.handler.AbstractHandlerMethodMapping$MappingRegistry.register(AbstractHandlerMethodMapping.java:543)][INFO]:Mapped "{[/user/queryAll.json]}" onto public com.trip.common.APITripResult com.trip.controller.UserController.queryAll() 
[framework][12:23:36,947-org.springframework.web.servlet.handler.AbstractHandlerMethodMapping$MappingRegistry.register(AbstractHandlerMethodMapping.java:543)][INFO]:Mapped "{[/user/addList.json]}" onto public com.trip.common.APITripResult com.trip.controller.UserController.addUserList(java.util.List<com.trip.entity.User>,javax.servlet.http.HttpServletRequest) 
[framework][12:23:36,962-org.springframework.web.servlet.mvc.method.annotation.RequestMappingHandlerAdapter.initControllerAdviceCache(RequestMappingHandlerAdapter.java:534)][INFO]:Looking for @ControllerAdvice: WebApplicationContext for namespace 'springmvc-servlet': startup date [Mon Dec 25 12:23:34 CST 2017]; root of context hierarchy 
[framework][12:23:37,037-org.springframework.web.servlet.FrameworkServlet.initServletBean(FrameworkServlet.java:508)][INFO]:FrameworkServlet 'springmvc': initialization completed in 2177 ms 
[framework][12:23:37,070-com.trip.controller.UserController.queryAll(UserController.java:83)][ERROR]:/ by zero 
[framework][12:29:32,697-org.springframework.context.support.AbstractApplicationContext.doClose(AbstractApplicationContext.java:862)][INFO]:Closing WebApplicationContext for namespace 'springmvc-servlet': startup date [Mon Dec 25 12:23:34 CST 2017]; root of context hierarchy 
